2025-07-08 17:26:06,893 - 20 - root - INFO - Starting Data Ingestion Pipeline...
2025-07-08 17:26:06,893 - 20 - root - INFO - Loading Data Ingestion Configuration
2025-07-08 17:26:06,893 - 31 - root - INFO - Fetching data from MongoDB
2025-07-08 17:26:18,183 - 43 - root - INFO - Dropped '_id' column from dataframe
2025-07-08 17:26:18,183 - 44 - root - INFO - Data fetched from MongoDB successfully
2025-07-08 17:26:18,184 - 53 - root - INFO - Initiating data ingestion process
2025-07-08 17:26:18,184 - 69 - root - INFO - Saving data into feature store
2025-07-08 17:26:18,262 - 73 - root - INFO - Data saved into feature store at artifacts\data_ingestion\feature_store\phishingData.csv
2025-07-08 17:26:18,269 - 80 - root - INFO - Splitting data into train and test sets
2025-07-08 17:26:18,346 - 92 - root - INFO - Train data saved at artifacts\data_ingestion\ingested\train.csv
2025-07-08 17:26:18,346 - 93 - root - INFO - Test data saved at artifacts\data_ingestion\ingested\test.csv
2025-07-08 17:26:18,347 - 24 - root - INFO - Data Ingestion Completed. Artifacts: DataIngestionArtifacts(training_data_path='artifacts\\data_ingestion\\ingested\\train.csv', test_data_path='artifacts\\data_ingestion\\ingested\\test.csv')
2025-07-08 17:26:18,347 - 27 - root - INFO - Starting Data Validation Pipeline...
2025-07-08 17:26:18,347 - 17 - root - INFO - \U0001f4e5 Reading the schema from YAML file...
2025-07-08 17:26:18,360 - 19 - root - INFO - \u2705 Schema successfully loaded.
2025-07-08 17:26:18,360 - 31 - root - INFO - \U0001f680 Initiating data validation process...
2025-07-08 17:26:18,360 - 36 - root - INFO - \U0001f4c4 Reading training data from: artifacts\data_ingestion\ingested\train.csv
2025-07-08 17:26:18,391 - 38 - root - INFO - \U0001f4c4 Reading test data from: artifacts\data_ingestion\ingested\test.csv
2025-07-08 17:26:18,421 - 125 - root - INFO - \u2705 Number of columns matched the schema.
2025-07-08 17:26:18,421 - 125 - root - INFO - \u2705 Number of columns matched the schema.
2025-07-08 17:26:18,422 - 141 - root - INFO - \u2705 All numerical columns are valid.
2025-07-08 17:26:18,423 - 141 - root - INFO - \u2705 All numerical columns are valid.
2025-07-08 17:26:18,423 - 65 - root - INFO - \u2705 Data validation passed.
2025-07-08 17:26:18,423 - 151 - root - INFO - \U0001f50d Starting KS test for data drift detection...
2025-07-08 17:26:18,425 - 166 - root - INFO - \U0001f4ca Column 'having_IP_Address': drift_detected=False, p_value=1.0000
2025-07-08 17:26:18,428 - 166 - root - INFO - \U0001f4ca Column 'URL_Length': drift_detected=False, p_value=1.0000
2025-07-08 17:26:18,429 - 166 - root - INFO - \U0001f4ca Column 'Shortining_Service': drift_detected=False, p_value=1.0000
2025-07-08 17:26:18,431 - 166 - root - INFO - \U0001f4ca Column 'having_At_Symbol': drift_detected=False, p_value=1.0000
2025-07-08 17:26:18,433 - 166 - root - INFO - \U0001f4ca Column 'double_slash_redirecting': drift_detected=False, p_value=1.0000
2025-07-08 17:26:18,436 - 166 - root - INFO - \U0001f4ca Column 'Prefix_Suffix': drift_detected=False, p_value=0.9995
2025-07-08 17:26:18,438 - 166 - root - INFO - \U0001f4ca Column 'having_Sub_Domain': drift_detected=False, p_value=1.0000
2025-07-08 17:26:18,445 - 166 - root - INFO - \U0001f4ca Column 'SSLfinal_State': drift_detected=False, p_value=0.4599
2025-07-08 17:26:18,448 - 166 - root - INFO - \U0001f4ca Column 'Domain_registeration_length': drift_detected=False, p_value=0.9959
2025-07-08 17:26:18,450 - 166 - root - INFO - \U0001f4ca Column 'Favicon': drift_detected=False, p_value=1.0000
2025-07-08 17:26:18,451 - 166 - root - INFO - \U0001f4ca Column 'port': drift_detected=False, p_value=1.0000
2025-07-08 17:26:18,453 - 166 - root - INFO - \U0001f4ca Column 'HTTPS_token': drift_detected=False, p_value=1.0000
2025-07-08 17:26:18,460 - 166 - root - INFO - \U0001f4ca Column 'Request_URL': drift_detected=False, p_value=0.2689
2025-07-08 17:26:18,463 - 166 - root - INFO - \U0001f4ca Column 'URL_of_Anchor': drift_detected=False, p_value=0.9998
2025-07-08 17:26:18,466 - 166 - root - INFO - \U0001f4ca Column 'Links_in_tags': drift_detected=False, p_value=0.9995
2025-07-08 17:26:18,469 - 166 - root - INFO - \U0001f4ca Column 'SFH': drift_detected=False, p_value=1.0000
2025-07-08 17:26:18,471 - 166 - root - INFO - \U0001f4ca Column 'Submitting_to_email': drift_detected=False, p_value=1.0000
2025-07-08 17:26:18,472 - 166 - root - INFO - \U0001f4ca Column 'Abnormal_URL': drift_detected=False, p_value=1.0000
2025-07-08 17:26:18,474 - 166 - root - INFO - \U0001f4ca Column 'Redirect': drift_detected=False, p_value=1.0000
2025-07-08 17:26:18,476 - 166 - root - INFO - \U0001f4ca Column 'on_mouseover': drift_detected=False, p_value=1.0000
2025-07-08 17:26:18,477 - 166 - root - INFO - \U0001f4ca Column 'RightClick': drift_detected=False, p_value=1.0000
2025-07-08 17:26:18,479 - 166 - root - INFO - \U0001f4ca Column 'popUpWidnow': drift_detected=False, p_value=1.0000
2025-07-08 17:26:18,480 - 166 - root - INFO - \U0001f4ca Column 'Iframe': drift_detected=False, p_value=1.0000
2025-07-08 17:26:18,484 - 166 - root - INFO - \U0001f4ca Column 'age_of_domain': drift_detected=False, p_value=0.9915
2025-07-08 17:26:18,486 - 166 - root - INFO - \U0001f4ca Column 'DNSRecord': drift_detected=False, p_value=1.0000
2025-07-08 17:26:18,492 - 166 - root - INFO - \U0001f4ca Column 'web_traffic': drift_detected=False, p_value=0.5733
2025-07-08 17:26:18,496 - 166 - root - INFO - \U0001f4ca Column 'Page_Rank': drift_detected=False, p_value=0.9876
2025-07-08 17:26:18,498 - 166 - root - INFO - \U0001f4ca Column 'Google_Index': drift_detected=False, p_value=1.0000
2025-07-08 17:26:18,501 - 166 - root - INFO - \U0001f4ca Column 'Links_pointing_to_page': drift_detected=False, p_value=0.9996
2025-07-08 17:26:18,502 - 166 - root - INFO - \U0001f4ca Column 'Statistical_report': drift_detected=False, p_value=1.0000
2025-07-08 17:26:18,507 - 166 - root - INFO - \U0001f4ca Column 'Result': drift_detected=False, p_value=0.9087
2025-07-08 17:26:18,589 - 31 - root - INFO - Data Validation Completed. Artifacts: DataValidationArtifacts(valid_train_path='artifacts\\data_validation\\valid\\train.csv', valid_test_path='artifacts\\data_validation\\valid\\test.csv', invalid_train_path=None, invalid_test_path=None, drift_report_file_path='artifacts\\data_validation\\drift_report\\drift_report.yaml', validation_status=True)
2025-07-08 17:26:18,589 - 34 - root - INFO - Starting Data Transformation Pipeline...
2025-07-08 17:26:18,589 - 24 - root - INFO - Starting data transformation process.
2025-07-08 17:26:18,589 - 26 - root - INFO - Reading validated train and test CSV files.
2025-07-08 17:26:18,646 - 30 - root - INFO - Separating input features and target column from training data.
2025-07-08 17:26:18,648 - 34 - root - INFO - Separating input features and target column from testing data.
2025-07-08 17:26:18,648 - 38 - root - INFO - Creating preprocessing pipeline.
2025-07-08 17:26:18,649 - 71 - root - INFO - Initializing preprocessing pipeline with KNN imputer.
2025-07-08 17:26:18,649 - 41 - root - INFO - Fitting and transforming training input data.
2025-07-08 17:26:18,654 - 44 - root - INFO - Transforming testing input data using the fitted preprocessor.
2025-07-08 17:26:18,656 - 47 - root - INFO - Concatenating transformed input data with target labels.
2025-07-08 17:26:18,657 - 51 - root - INFO - Saving transformed training and testing arrays.
2025-07-08 17:26:18,657 - 32 - root - INFO - Saving the np arrays
2025-07-08 17:26:18,659 - 39 - root - INFO - Sucessfully saved thenp array
2025-07-08 17:26:18,659 - 32 - root - INFO - Saving the np arrays
2025-07-08 17:26:18,661 - 39 - root - INFO - Sucessfully saved thenp array
2025-07-08 17:26:18,661 - 55 - root - INFO - Saving preprocessor object.
2025-07-08 17:26:18,661 - 46 - root - INFO - Saving the pkl file
2025-07-08 17:26:18,664 - 53 - root - INFO - Successfully saved the pkl file
2025-07-08 17:26:18,664 - 58 - root - INFO - Data transformation completed successfully.
2025-07-08 17:26:18,665 - 38 - root - INFO - Data Transformation Completed. Artifacts: DataTransformationArtifacts(preprocessor_obj_path='artifacts\\data_transformation\\transformed_object\\preprocessor.pkl', transformed_train_file_path='artifacts\\data_transformation\\transformed\\train.npy', transformed_test_file_path='artifacts\\data_transformation\\transformed\\test.npy')
2025-07-08 17:26:18,665 - 41 - root - INFO - Starting Model Training Pipeline...
2025-07-08 17:26:18,665 - 28 - root - INFO - Loading transformed training and test data arrays.
2025-07-08 17:26:18,675 - 106 - root - INFO - Successfully loaded NumPy array from artifacts\data_transformation\transformed\train.npy
2025-07-08 17:26:18,683 - 106 - root - INFO - Successfully loaded NumPy array from artifacts\data_transformation\transformed\test.npy
2025-07-08 17:26:18,683 - 35 - root - INFO - Initiating model training and tuning.
2025-07-08 17:26:18,683 - 45 - root - INFO - Defining models and hyperparameters.
2025-07-08 17:26:18,683 - 108 - root - INFO - Evaluating models using RandomizedSearchCV.
2025-07-08 17:27:15,486 - 115 - root - INFO - Best model selected: GradientBoosting with accuracy 0.9711
2025-07-08 17:27:15,486 - 117 - root - INFO - Generating classification report for training data.
2025-07-08 17:27:15,593 - 121 - root - INFO - Generating classification report for test data.
2025-07-08 17:27:15,614 - 125 - root - INFO - Loading preprocessor object.
2025-07-08 17:27:15,625 - 79 - root - INFO - Successfully loaded pickle object from artifacts\data_transformation\transformed_object\preprocessor.pkl
2025-07-08 17:27:15,626 - 128 - root - INFO - Creating and saving NetworkModel object.
2025-07-08 17:27:15,626 - 46 - root - INFO - Saving the pkl file
2025-07-08 17:27:15,633 - 53 - root - INFO - Successfully saved the pkl file
2025-07-08 17:27:15,634 - 132 - root - INFO - Model and preprocessing pipeline saved successfully.
2025-07-08 17:27:15,636 - 37 - root - INFO - Model training completed successfully.
2025-07-08 17:27:15,636 - 45 - root - INFO - Model Training Completed. Artifacts: ModelTrainArtifacts(preprocessor_obj_path='artifacts\\data_transformation\\transformed_object\\preprocessor.pkl', model_train_file_path='models\\model.pkl', train_data_metric_report=ClassificationReportArtifacts(f1_score=0.9906389906389906, precision=0.9882257409663012, recall_score=0.993064055487556), test_data_metric_report=ClassificationReportArtifacts(f1_score=0.9747832939322301, precision=0.9641465315666407, recall_score=0.9856573705179282))
2025-07-08 17:27:15,636 - 47 - root - INFO - Pipeline execution finished successfully.
