2025-07-08 12:14:52,117 - 18 - root - INFO - \U0001f680 Starting Data Ingestion Pipeline...
2025-07-08 12:14:52,117 - 20 - root - INFO - Loading Data Ingestion Configuration
2025-07-08 12:14:52,117 - 31 - root - INFO - Fetching data from MongoDB
2025-07-08 12:14:56,440 - 43 - root - INFO - Dropped '_id' column from dataframe
2025-07-08 12:14:56,440 - 44 - root - INFO - Data fetched from MongoDB successfully
2025-07-08 12:14:56,441 - 53 - root - INFO - Initiating data ingestion process
2025-07-08 12:14:56,441 - 69 - root - INFO - Saving data into feature store
2025-07-08 12:14:56,513 - 73 - root - INFO - Data saved into feature store at artifacts\data_ingestion\feature_store\phishingData.csv
2025-07-08 12:14:56,513 - 80 - root - INFO - Splitting data into train and test sets
2025-07-08 12:14:56,587 - 92 - root - INFO - Train data saved at artifacts\data_ingestion\ingested\train.csv
2025-07-08 12:14:56,587 - 93 - root - INFO - Test data saved at artifacts\data_ingestion\ingested\test.csv
2025-07-08 12:14:56,587 - 22 - root - INFO - \u2705 Data Ingestion Completed. Artifacts: DataIngestionArtifacts(training_data_path='artifacts\\data_ingestion\\ingested\\train.csv', test_data_path='artifacts\\data_ingestion\\ingested\\test.csv')
2025-07-08 12:14:56,587 - 25 - root - INFO - \U0001f680 Starting Data Validation Pipeline...
2025-07-08 12:14:56,587 - 17 - root - INFO - \U0001f4e5 Reading the schema from YAML file...
2025-07-08 12:14:56,604 - 19 - root - INFO - \u2705 Schema successfully loaded.
2025-07-08 12:14:56,604 - 31 - root - INFO - \U0001f680 Initiating data validation process...
2025-07-08 12:14:56,604 - 36 - root - INFO - \U0001f4c4 Reading training data from: artifacts\data_ingestion\ingested\train.csv
2025-07-08 12:14:56,636 - 38 - root - INFO - \U0001f4c4 Reading test data from: artifacts\data_ingestion\ingested\test.csv
2025-07-08 12:14:56,665 - 125 - root - INFO - \u2705 Number of columns matched the schema.
2025-07-08 12:14:56,665 - 125 - root - INFO - \u2705 Number of columns matched the schema.
2025-07-08 12:14:56,666 - 141 - root - INFO - \u2705 All numerical columns are valid.
2025-07-08 12:14:56,667 - 141 - root - INFO - \u2705 All numerical columns are valid.
2025-07-08 12:14:56,667 - 65 - root - INFO - \u2705 Data validation passed.
2025-07-08 12:14:56,667 - 151 - root - INFO - \U0001f50d Starting KS test for data drift detection...
2025-07-08 12:14:56,672 - 166 - root - INFO - \U0001f4ca Column 'having_IP_Address': drift_detected=False, p_value=1.0000
2025-07-08 12:14:56,676 - 166 - root - INFO - \U0001f4ca Column 'URL_Length': drift_detected=False, p_value=1.0000
2025-07-08 12:14:56,677 - 166 - root - INFO - \U0001f4ca Column 'Shortining_Service': drift_detected=False, p_value=1.0000
2025-07-08 12:14:56,679 - 166 - root - INFO - \U0001f4ca Column 'having_At_Symbol': drift_detected=False, p_value=1.0000
2025-07-08 12:14:56,681 - 166 - root - INFO - \U0001f4ca Column 'double_slash_redirecting': drift_detected=False, p_value=1.0000
2025-07-08 12:14:56,684 - 166 - root - INFO - \U0001f4ca Column 'Prefix_Suffix': drift_detected=False, p_value=0.9995
2025-07-08 12:14:56,687 - 166 - root - INFO - \U0001f4ca Column 'having_Sub_Domain': drift_detected=False, p_value=1.0000
2025-07-08 12:14:56,693 - 166 - root - INFO - \U0001f4ca Column 'SSLfinal_State': drift_detected=False, p_value=0.4599
2025-07-08 12:14:56,696 - 166 - root - INFO - \U0001f4ca Column 'Domain_registeration_length': drift_detected=False, p_value=0.9959
2025-07-08 12:14:56,698 - 166 - root - INFO - \U0001f4ca Column 'Favicon': drift_detected=False, p_value=1.0000
2025-07-08 12:14:56,699 - 166 - root - INFO - \U0001f4ca Column 'port': drift_detected=False, p_value=1.0000
2025-07-08 12:14:56,701 - 166 - root - INFO - \U0001f4ca Column 'HTTPS_token': drift_detected=False, p_value=1.0000
2025-07-08 12:14:56,708 - 166 - root - INFO - \U0001f4ca Column 'Request_URL': drift_detected=False, p_value=0.2689
2025-07-08 12:14:56,711 - 166 - root - INFO - \U0001f4ca Column 'URL_of_Anchor': drift_detected=False, p_value=0.9998
2025-07-08 12:14:56,715 - 166 - root - INFO - \U0001f4ca Column 'Links_in_tags': drift_detected=False, p_value=0.9995
2025-07-08 12:14:56,717 - 166 - root - INFO - \U0001f4ca Column 'SFH': drift_detected=False, p_value=1.0000
2025-07-08 12:14:56,719 - 166 - root - INFO - \U0001f4ca Column 'Submitting_to_email': drift_detected=False, p_value=1.0000
2025-07-08 12:14:56,720 - 166 - root - INFO - \U0001f4ca Column 'Abnormal_URL': drift_detected=False, p_value=1.0000
2025-07-08 12:14:56,722 - 166 - root - INFO - \U0001f4ca Column 'Redirect': drift_detected=False, p_value=1.0000
2025-07-08 12:14:56,724 - 166 - root - INFO - \U0001f4ca Column 'on_mouseover': drift_detected=False, p_value=1.0000
2025-07-08 12:14:56,725 - 166 - root - INFO - \U0001f4ca Column 'RightClick': drift_detected=False, p_value=1.0000
2025-07-08 12:14:56,727 - 166 - root - INFO - \U0001f4ca Column 'popUpWidnow': drift_detected=False, p_value=1.0000
2025-07-08 12:14:56,729 - 166 - root - INFO - \U0001f4ca Column 'Iframe': drift_detected=False, p_value=1.0000
2025-07-08 12:14:56,733 - 166 - root - INFO - \U0001f4ca Column 'age_of_domain': drift_detected=False, p_value=0.9915
2025-07-08 12:14:56,734 - 166 - root - INFO - \U0001f4ca Column 'DNSRecord': drift_detected=False, p_value=1.0000
2025-07-08 12:14:56,740 - 166 - root - INFO - \U0001f4ca Column 'web_traffic': drift_detected=False, p_value=0.5733
2025-07-08 12:14:56,744 - 166 - root - INFO - \U0001f4ca Column 'Page_Rank': drift_detected=False, p_value=0.9876
2025-07-08 12:14:56,746 - 166 - root - INFO - \U0001f4ca Column 'Google_Index': drift_detected=False, p_value=1.0000
2025-07-08 12:14:56,750 - 166 - root - INFO - \U0001f4ca Column 'Links_pointing_to_page': drift_detected=False, p_value=0.9996
2025-07-08 12:14:56,751 - 166 - root - INFO - \U0001f4ca Column 'Statistical_report': drift_detected=False, p_value=1.0000
2025-07-08 12:14:56,755 - 166 - root - INFO - \U0001f4ca Column 'Result': drift_detected=False, p_value=0.9087
2025-07-08 12:14:56,841 - 29 - root - INFO - \u2705 Data Validation Completed. Artifacts: DataValidationArtifacts(valid_train_path='artifacts\\data_validation\\valid\\train.csv', valid_test_path='artifacts\\data_validation\\valid\\test.csv', invalid_train_path=None, invalid_test_path=None, drift_report_file_path='artifacts\\data_validation\\drift_report\\drift_report.yaml', validation_status=True)
2025-07-08 12:14:56,842 - 32 - root - INFO - \U0001f680 Starting Data Transformation Pipeline...
2025-07-08 12:14:56,934 - 36 - root - INFO - \u2705 Data Transformation Completed. Artifacts: DataTransformationArtifacts(preprocessor_obj_path='artifacts\\transformed_object\\preprocessor.pkl', transformed_train_file_path='artifacts\\data_transformation\\transformed\\train.npy', transformed_test_file_path='artifacts\\data_transformation\\transformed\\test.npy')
