2025-07-08 17:53:27,488 - 97 - werkzeug - WARNING -  * Debugger is active!
2025-07-08 17:53:27,491 - 97 - werkzeug - INFO -  * Debugger PIN: 288-914-405
2025-07-08 17:53:27,519 - 16 - root - INFO - Received request to start training pipeline.
2025-07-08 17:53:27,519 - 20 - root - INFO - Training pipeline started.
2025-07-08 17:53:27,519 - 23 - root - INFO - Step 1: Data Ingestion
2025-07-08 17:53:27,519 - 20 - root - INFO - Loading Data Ingestion Configuration
2025-07-08 17:53:27,519 - 31 - root - INFO - Fetching data from MongoDB
2025-07-08 17:53:31,257 - 43 - root - INFO - Dropped '_id' column from dataframe
2025-07-08 17:53:31,265 - 44 - root - INFO - Data fetched from MongoDB successfully
2025-07-08 17:53:31,265 - 53 - root - INFO - Initiating data ingestion process
2025-07-08 17:53:31,265 - 69 - root - INFO - Saving data into feature store
2025-07-08 17:53:31,334 - 73 - root - INFO - Data saved into feature store at artifacts\data_ingestion\feature_store\phishingData.csv
2025-07-08 17:53:31,335 - 80 - root - INFO - Splitting data into train and test sets
2025-07-08 17:53:31,408 - 92 - root - INFO - Train data saved at artifacts\data_ingestion\ingested\train.csv
2025-07-08 17:53:31,408 - 93 - root - INFO - Test data saved at artifacts\data_ingestion\ingested\test.csv
2025-07-08 17:53:31,409 - 27 - root - INFO - Data Ingestion completed. Artifacts: DataIngestionArtifacts(training_data_path='artifacts\\data_ingestion\\ingested\\train.csv', test_data_path='artifacts\\data_ingestion\\ingested\\test.csv')
2025-07-08 17:53:31,410 - 30 - root - INFO - Step 2: Data Validation
2025-07-08 17:53:31,410 - 17 - root - INFO - \U0001f4e5 Reading the schema from YAML file...
2025-07-08 17:53:31,414 - 19 - root - INFO - \u2705 Schema successfully loaded.
2025-07-08 17:53:31,414 - 31 - root - INFO - \U0001f680 Initiating data validation process...
2025-07-08 17:53:31,415 - 36 - root - INFO - \U0001f4c4 Reading training data from: artifacts\data_ingestion\ingested\train.csv
2025-07-08 17:53:31,444 - 38 - root - INFO - \U0001f4c4 Reading test data from: artifacts\data_ingestion\ingested\test.csv
2025-07-08 17:53:31,473 - 125 - root - INFO - \u2705 Number of columns matched the schema.
2025-07-08 17:53:31,474 - 125 - root - INFO - \u2705 Number of columns matched the schema.
2025-07-08 17:53:31,475 - 141 - root - INFO - \u2705 All numerical columns are valid.
2025-07-08 17:53:31,475 - 141 - root - INFO - \u2705 All numerical columns are valid.
2025-07-08 17:53:31,476 - 65 - root - INFO - \u2705 Data validation passed.
2025-07-08 17:53:31,476 - 151 - root - INFO - \U0001f50d Starting KS test for data drift detection...
2025-07-08 17:53:31,477 - 166 - root - INFO - \U0001f4ca Column 'having_IP_Address': drift_detected=False, p_value=1.0000
2025-07-08 17:53:31,480 - 166 - root - INFO - \U0001f4ca Column 'URL_Length': drift_detected=False, p_value=1.0000
2025-07-08 17:53:31,482 - 166 - root - INFO - \U0001f4ca Column 'Shortining_Service': drift_detected=False, p_value=1.0000
2025-07-08 17:53:31,483 - 166 - root - INFO - \U0001f4ca Column 'having_At_Symbol': drift_detected=False, p_value=1.0000
2025-07-08 17:53:31,485 - 166 - root - INFO - \U0001f4ca Column 'double_slash_redirecting': drift_detected=False, p_value=1.0000
2025-07-08 17:53:31,488 - 166 - root - INFO - \U0001f4ca Column 'Prefix_Suffix': drift_detected=False, p_value=0.9995
2025-07-08 17:53:31,491 - 166 - root - INFO - \U0001f4ca Column 'having_Sub_Domain': drift_detected=False, p_value=1.0000
2025-07-08 17:53:31,497 - 166 - root - INFO - \U0001f4ca Column 'SSLfinal_State': drift_detected=False, p_value=0.4599
2025-07-08 17:53:31,501 - 166 - root - INFO - \U0001f4ca Column 'Domain_registeration_length': drift_detected=False, p_value=0.9959
2025-07-08 17:53:31,502 - 166 - root - INFO - \U0001f4ca Column 'Favicon': drift_detected=False, p_value=1.0000
2025-07-08 17:53:31,503 - 166 - root - INFO - \U0001f4ca Column 'port': drift_detected=False, p_value=1.0000
2025-07-08 17:53:31,505 - 166 - root - INFO - \U0001f4ca Column 'HTTPS_token': drift_detected=False, p_value=1.0000
2025-07-08 17:53:31,512 - 166 - root - INFO - \U0001f4ca Column 'Request_URL': drift_detected=False, p_value=0.2689
2025-07-08 17:53:31,515 - 166 - root - INFO - \U0001f4ca Column 'URL_of_Anchor': drift_detected=False, p_value=0.9998
2025-07-08 17:53:31,519 - 166 - root - INFO - \U0001f4ca Column 'Links_in_tags': drift_detected=False, p_value=0.9995
2025-07-08 17:53:31,521 - 166 - root - INFO - \U0001f4ca Column 'SFH': drift_detected=False, p_value=1.0000
2025-07-08 17:53:31,523 - 166 - root - INFO - \U0001f4ca Column 'Submitting_to_email': drift_detected=False, p_value=1.0000
2025-07-08 17:53:31,525 - 166 - root - INFO - \U0001f4ca Column 'Abnormal_URL': drift_detected=False, p_value=1.0000
2025-07-08 17:53:31,527 - 166 - root - INFO - \U0001f4ca Column 'Redirect': drift_detected=False, p_value=1.0000
2025-07-08 17:53:31,528 - 166 - root - INFO - \U0001f4ca Column 'on_mouseover': drift_detected=False, p_value=1.0000
2025-07-08 17:53:31,529 - 166 - root - INFO - \U0001f4ca Column 'RightClick': drift_detected=False, p_value=1.0000
2025-07-08 17:53:31,532 - 166 - root - INFO - \U0001f4ca Column 'popUpWidnow': drift_detected=False, p_value=1.0000
2025-07-08 17:53:31,533 - 166 - root - INFO - \U0001f4ca Column 'Iframe': drift_detected=False, p_value=1.0000
2025-07-08 17:53:31,537 - 166 - root - INFO - \U0001f4ca Column 'age_of_domain': drift_detected=False, p_value=0.9915
2025-07-08 17:53:31,539 - 166 - root - INFO - \U0001f4ca Column 'DNSRecord': drift_detected=False, p_value=1.0000
2025-07-08 17:53:31,544 - 166 - root - INFO - \U0001f4ca Column 'web_traffic': drift_detected=False, p_value=0.5733
2025-07-08 17:53:31,548 - 166 - root - INFO - \U0001f4ca Column 'Page_Rank': drift_detected=False, p_value=0.9876
2025-07-08 17:53:31,551 - 166 - root - INFO - \U0001f4ca Column 'Google_Index': drift_detected=False, p_value=1.0000
2025-07-08 17:53:31,554 - 166 - root - INFO - \U0001f4ca Column 'Links_pointing_to_page': drift_detected=False, p_value=0.9996
2025-07-08 17:53:31,556 - 166 - root - INFO - \U0001f4ca Column 'Statistical_report': drift_detected=False, p_value=1.0000
2025-07-08 17:53:31,562 - 166 - root - INFO - \U0001f4ca Column 'Result': drift_detected=False, p_value=0.9087
2025-07-08 17:53:31,692 - 34 - root - INFO - Data Validation completed. Artifacts: DataValidationArtifacts(valid_train_path='artifacts\\data_validation\\valid\\train.csv', valid_test_path='artifacts\\data_validation\\valid\\test.csv', invalid_train_path=None, invalid_test_path=None, drift_report_file_path='artifacts\\data_validation\\drift_report\\drift_report.yaml', validation_status=True)
2025-07-08 17:53:31,692 - 37 - root - INFO - Step 3: Data Transformation
2025-07-08 17:53:31,692 - 24 - root - INFO - Starting data transformation process.
2025-07-08 17:53:31,692 - 26 - root - INFO - Reading validated train and test CSV files.
2025-07-08 17:53:31,762 - 30 - root - INFO - Separating input features and target column from training data.
2025-07-08 17:53:31,763 - 34 - root - INFO - Separating input features and target column from testing data.
2025-07-08 17:53:31,764 - 38 - root - INFO - Creating preprocessing pipeline.
2025-07-08 17:53:31,764 - 71 - root - INFO - Initializing preprocessing pipeline with KNN imputer.
2025-07-08 17:53:31,764 - 41 - root - INFO - Fitting and transforming training input data.
2025-07-08 17:53:31,773 - 44 - root - INFO - Transforming testing input data using the fitted preprocessor.
2025-07-08 17:53:31,776 - 47 - root - INFO - Concatenating transformed input data with target labels.
2025-07-08 17:53:31,777 - 51 - root - INFO - Saving transformed training and testing arrays.
2025-07-08 17:53:31,777 - 32 - root - INFO - Saving the np arrays
2025-07-08 17:53:31,779 - 39 - root - INFO - Sucessfully saved thenp array
2025-07-08 17:53:31,780 - 32 - root - INFO - Saving the np arrays
2025-07-08 17:53:31,781 - 39 - root - INFO - Sucessfully saved thenp array
2025-07-08 17:53:31,781 - 55 - root - INFO - Saving preprocessor object.
2025-07-08 17:53:31,782 - 46 - root - INFO - Saving the pkl file
2025-07-08 17:53:31,785 - 53 - root - INFO - Successfully saved the pkl file
2025-07-08 17:53:31,785 - 58 - root - INFO - Data transformation completed successfully.
2025-07-08 17:53:31,786 - 41 - root - INFO - Data Transformation completed. Artifacts: DataTransformationArtifacts(preprocessor_obj_path='artifacts\\data_transformation\\transformed_object\\preprocessor.pkl', transformed_train_file_path='artifacts\\data_transformation\\transformed\\train.npy', transformed_test_file_path='artifacts\\data_transformation\\transformed\\test.npy')
2025-07-08 17:53:31,787 - 44 - root - INFO - Step 4: Model Training
2025-07-08 17:53:31,787 - 28 - root - INFO - Loading transformed training and test data arrays.
2025-07-08 17:53:31,800 - 106 - root - INFO - Successfully loaded NumPy array from artifacts\data_transformation\transformed\train.npy
2025-07-08 17:53:31,809 - 106 - root - INFO - Successfully loaded NumPy array from artifacts\data_transformation\transformed\test.npy
2025-07-08 17:53:31,809 - 35 - root - INFO - Initiating model training and tuning.
2025-07-08 17:53:31,809 - 45 - root - INFO - Defining models and hyperparameters.
2025-07-08 17:53:31,809 - 108 - root - INFO - Evaluating models using RandomizedSearchCV.
2025-07-08 17:54:35,460 - 115 - root - INFO - Best model selected: GradientBoosting with accuracy 0.9711
2025-07-08 17:54:35,460 - 117 - root - INFO - Generating classification report for training data.
2025-07-08 17:54:35,568 - 121 - root - INFO - Generating classification report for test data.
2025-07-08 17:54:35,588 - 125 - root - INFO - Loading preprocessor object.
2025-07-08 17:54:35,600 - 79 - root - INFO - Successfully loaded pickle object from artifacts\data_transformation\transformed_object\preprocessor.pkl
2025-07-08 17:54:35,600 - 128 - root - INFO - Creating and saving NetworkModel object.
2025-07-08 17:54:35,600 - 46 - root - INFO - Saving the pkl file
2025-07-08 17:54:35,606 - 53 - root - INFO - Successfully saved the pkl file
2025-07-08 17:54:35,606 - 46 - root - INFO - Saving the pkl file
2025-07-08 17:54:35,609 - 53 - root - INFO - Successfully saved the pkl file
2025-07-08 17:54:35,610 - 133 - root - INFO - Model and preprocessing pipeline saved successfully.
2025-07-08 17:54:35,612 - 37 - root - INFO - Model training completed successfully.
2025-07-08 17:54:35,612 - 48 - root - INFO - Model Training completed. Artifacts: ModelTrainArtifacts(preprocessor_obj_path='artifacts\\data_transformation\\transformed_object\\preprocessor.pkl', model_train_file_path='models\\model.pkl', train_data_metric_report=ClassificationReportArtifacts(f1_score=0.9901452809102915, precision=0.9862376037239425, recall_score=0.9940840473276213), test_data_metric_report=ClassificationReportArtifacts(f1_score=0.9748031496062992, precision=0.9634241245136187, recall_score=0.9864541832669322))
2025-07-08 17:54:35,612 - 50 - root - INFO - Training pipeline completed successfully.
2025-07-08 17:54:35,613 - 97 - werkzeug - INFO - 127.0.0.1 - - [08/Jul/2025 17:54:35] "GET /train HTTP/1.1" 200 -
